<?xml version="1.0" encoding="UTF-8"?>
<!-- Generated by org.testng.reporters.JUnitXMLReporter -->
<testsuite ignored="0" hostname="ATMECSINLT-083" failures="0" tests="3" name="Default test" time="75.782" errors="0" timestamp="19 Sep 2019 12:47:52 GMT">
  <testcase classname="com.atmecs.testbase.TestBase" name="initializeBrowser" time="42.723"/>
  <testcase classname="com.atmecs.testscripts.SearchForBus" name="searching_Bus" time="18.715"/>
  <testcase classname="com.atmecs.testscripts.BookBus" name="selecting_Bus" time="14.28"/>
</testsuite> <!-- Default test -->
